<?xml version="1.0" encoding="UTF-8"?>
<testng-results ignored="0" total="2" passed="2" failed="0" skipped="0">
  <reporter-output>
  </reporter-output>
  <suite started-at="2024-05-23T13:35:52 IST" name="Default suite" finished-at="2024-05-23T13:35:55 IST" duration-ms="2335">
    <groups>
    </groups>
    <test started-at="2024-05-23T13:35:52 IST" name="Default test" finished-at="2024-05-23T13:35:55 IST" duration-ms="2335">
      <class name="com.CRUDpackage.GetRequest">
        <test-method signature="getRegresListUsers()[pri:1, instance:com.CRUDpackage.GetRequest@117159c0]" started-at="2024-05-23T13:35:52 IST" name="getRegresListUsers" finished-at="2024-05-23T13:35:54 IST" duration-ms="1731" status="PASS">
          <reporter-output>
          </reporter-output>
        </test-method> <!-- getRegresListUsers -->
        <test-method signature="postRegressRegisterSuccessful()[pri:2, instance:com.CRUDpackage.GetRequest@117159c0]" started-at="2024-05-23T13:35:54 IST" name="postRegressRegisterSuccessful" finished-at="2024-05-23T13:35:55 IST" duration-ms="569" status="PASS">
          <reporter-output>
          </reporter-output>
        </test-method> <!-- postRegressRegisterSuccessful -->
      </class> <!-- com.CRUDpackage.GetRequest -->
    </test> <!-- Default test -->
  </suite> <!-- Default suite -->
</testng-results>
